<html>
<head>
<title>TestNG:  testMulitAPI</title>
<link href="../testng.css" rel="stylesheet" type="text/css" />
<link href="../my-testng.css" rel="stylesheet" type="text/css" />

<style type="text/css">
.log { display: none;} 
.stack-trace { display: none;} 
</style>
<script type="text/javascript">
<!--
function flip(e) {
  current = e.style.display;
  if (current == 'block') {
    e.style.display = 'none';
    return 0;
  }
  else {
    e.style.display = 'block';
    return 1;
  }
}

function toggleBox(szDivId, elem, msg1, msg2)
{
  var res = -1;  if (document.getElementById) {
    res = flip(document.getElementById(szDivId));
  }
  else if (document.all) {
    // this is the way old msie versions work
    res = flip(document.all[szDivId]);
  }
  if(elem) {
    if(res == 0) elem.innerHTML = msg1; else elem.innerHTML = msg2;
  }

}

function toggleAllBoxes() {
  if (document.getElementsByTagName) {
    d = document.getElementsByTagName('div');
    for (i = 0; i < d.length; i++) {
      if (d[i].className == 'log') {
        flip(d[i]);
      }
    }
  }
}

// -->
</script>

</head>
<body>
<h2 align='center'>testMulitAPI</h2><table border='1' align="center">
<tr>
<td>Tests passed/Failed/Skipped:</td><td>25/5/0</td>
</tr><tr>
<td>Started on:</td><td>Tue Dec 25 18:06:37 CST 2018</td>
</tr>
<tr><td>Total time:</td><td>15 seconds (15621 ms)</td>
</tr><tr>
<td>Included groups:</td><td></td>
</tr><tr>
<td>Excluded groups:</td><td></td>
</tr>
</table><p/>
<small><i>(Hover the method name to see the test class name)</i></small><p/>
<table width='100%' border='1' class='invocation-failed'>
<tr><td colspan='4' align='center'><b>FAILED TESTS</b></td></tr>
<tr><td><b>Test method</b></td>
<td width="30%"><b>Exception</b></td>
<td width="10%"><b>Time (seconds)</b></td>
<td><b>Instance</b></td>
</tr>
<tr>
<td title='com.edu.qgMultiAPI.ShengChunyueTest.scene3()'><b>scene3</b><br>Test class: com.edu.qgMultiAPI.ShengChunyueTest<br>Test method: 登录成功--获取所有商品的sku列表--查询收货地址--计算运费--提交订单</td>
<td><div><pre>net.sf.json.JSONException: JSONObject[&quot;list&quot;] is not a JSONArray.
	at net.sf.json.JSONObject.getJSONArray(JSONObject.java:2038)
	at com.edu.qgMultiAPI.ShengChunyueTest.scene3(ShengChunyueTest.java:105)
... Removed 25 stack frames</pre></div><a href='#' onClick='toggleBox("stack-trace1352913142", this, "Click to show all stack frames", "Click to hide stack frames")'>Click to show all stack frames</a>
<div class='stack-trace' id='stack-trace1352913142'><pre>net.sf.json.JSONException: JSONObject[&quot;list&quot;] is not a JSONArray.
	at net.sf.json.JSONObject.getJSONArray(JSONObject.java:2038)
	at com.edu.qgMultiAPI.ShengChunyueTest.scene3(ShengChunyueTest.java:105)
	at java.base/jdk.internal.reflect.NativeMethodAccessorImpl.invoke0(Native Method)
	at java.base/jdk.internal.reflect.NativeMethodAccessorImpl.invoke(NativeMethodAccessorImpl.java:62)
	at java.base/jdk.internal.reflect.DelegatingMethodAccessorImpl.invoke(DelegatingMethodAccessorImpl.java:43)
	at java.base/java.lang.reflect.Method.invoke(Method.java:564)
	at org.testng.internal.MethodInvocationHelper.invokeMethod(MethodInvocationHelper.java:124)
	at org.testng.internal.Invoker.invokeMethod(Invoker.java:580)
	at org.testng.internal.Invoker.invokeTestMethod(Invoker.java:716)
	at org.testng.internal.Invoker.invokeTestMethods(Invoker.java:988)
	at org.testng.internal.TestMethodWorker.invokeTestMethods(TestMethodWorker.java:125)
	at org.testng.internal.TestMethodWorker.run(TestMethodWorker.java:109)
	at org.testng.TestRunner.privateRun(TestRunner.java:648)
	at org.testng.TestRunner.run(TestRunner.java:505)
	at org.testng.SuiteRunner.runTest(SuiteRunner.java:455)
	at org.testng.SuiteRunner.runSequentially(SuiteRunner.java:450)
	at org.testng.SuiteRunner.privateRun(SuiteRunner.java:415)
	at org.testng.SuiteRunner.run(SuiteRunner.java:364)
	at org.testng.SuiteRunnerWorker.runSuite(SuiteRunnerWorker.java:52)
	at org.testng.SuiteRunnerWorker.run(SuiteRunnerWorker.java:84)
	at org.testng.TestNG.runSuitesSequentially(TestNG.java:1208)
	at org.testng.TestNG.runSuitesLocally(TestNG.java:1137)
	at org.testng.TestNG.runSuites(TestNG.java:1049)
	at org.testng.TestNG.run(TestNG.java:1017)
	at org.testng.remote.AbstractRemoteTestNG.run(AbstractRemoteTestNG.java:114)
	at org.testng.remote.RemoteTestNG.initAndRun(RemoteTestNG.java:251)
	at org.testng.remote.RemoteTestNG.main(RemoteTestNG.java:77)
</pre></div></td>
<td>0</td>
<td>com.edu.qgMultiAPI.ShengChunyueTest@13d73f29</td></tr>
<tr>
<td title='com.edu.qgMultiAPI.ShengChunyueTest.scene4()'><b>scene4</b><br>Test class: com.edu.qgMultiAPI.ShengChunyueTest<br>Test method: 登录失败--查询收获地址--计算运费</td>
<td><div><pre>net.sf.json.JSONException: JSONObject[&quot;list&quot;] is not a JSONArray.
	at net.sf.json.JSONObject.getJSONArray(JSONObject.java:2038)
	at com.edu.qgMultiAPI.ShengChunyueTest.scene4(ShengChunyueTest.java:149)
... Removed 25 stack frames</pre></div><a href='#' onClick='toggleBox("stack-trace380494131", this, "Click to show all stack frames", "Click to hide stack frames")'>Click to show all stack frames</a>
<div class='stack-trace' id='stack-trace380494131'><pre>net.sf.json.JSONException: JSONObject[&quot;list&quot;] is not a JSONArray.
	at net.sf.json.JSONObject.getJSONArray(JSONObject.java:2038)
	at com.edu.qgMultiAPI.ShengChunyueTest.scene4(ShengChunyueTest.java:149)
	at java.base/jdk.internal.reflect.NativeMethodAccessorImpl.invoke0(Native Method)
	at java.base/jdk.internal.reflect.NativeMethodAccessorImpl.invoke(NativeMethodAccessorImpl.java:62)
	at java.base/jdk.internal.reflect.DelegatingMethodAccessorImpl.invoke(DelegatingMethodAccessorImpl.java:43)
	at java.base/java.lang.reflect.Method.invoke(Method.java:564)
	at org.testng.internal.MethodInvocationHelper.invokeMethod(MethodInvocationHelper.java:124)
	at org.testng.internal.Invoker.invokeMethod(Invoker.java:580)
	at org.testng.internal.Invoker.invokeTestMethod(Invoker.java:716)
	at org.testng.internal.Invoker.invokeTestMethods(Invoker.java:988)
	at org.testng.internal.TestMethodWorker.invokeTestMethods(TestMethodWorker.java:125)
	at org.testng.internal.TestMethodWorker.run(TestMethodWorker.java:109)
	at org.testng.TestRunner.privateRun(TestRunner.java:648)
	at org.testng.TestRunner.run(TestRunner.java:505)
	at org.testng.SuiteRunner.runTest(SuiteRunner.java:455)
	at org.testng.SuiteRunner.runSequentially(SuiteRunner.java:450)
	at org.testng.SuiteRunner.privateRun(SuiteRunner.java:415)
	at org.testng.SuiteRunner.run(SuiteRunner.java:364)
	at org.testng.SuiteRunnerWorker.runSuite(SuiteRunnerWorker.java:52)
	at org.testng.SuiteRunnerWorker.run(SuiteRunnerWorker.java:84)
	at org.testng.TestNG.runSuitesSequentially(TestNG.java:1208)
	at org.testng.TestNG.runSuitesLocally(TestNG.java:1137)
	at org.testng.TestNG.runSuites(TestNG.java:1049)
	at org.testng.TestNG.run(TestNG.java:1017)
	at org.testng.remote.AbstractRemoteTestNG.run(AbstractRemoteTestNG.java:114)
	at org.testng.remote.RemoteTestNG.initAndRun(RemoteTestNG.java:251)
	at org.testng.remote.RemoteTestNG.main(RemoteTestNG.java:77)
</pre></div></td>
<td>0</td>
<td>com.edu.qgMultiAPI.ShengChunyueTest@13d73f29</td></tr>
<tr>
<td title='com.edu.qgMultiAPI.YangKaijingTest.sceneTest2()'><b>sceneTest2</b><br>Test class: com.edu.qgMultiAPI.YangKaijingTest</td>
<td><div><pre>java.lang.IllegalArgumentException: Illegal character in query at index 85: http://study-perf.qa.netease.com/common/getTransportFee?id=82321270&amp;addressDetial=河北省_石家庄市_裕华区
	at java.base/java.net.URI.create(URI.java:881)
	at org.apache.http.client.methods.HttpGet.&lt;init&gt;(HttpGet.java:66)
	at com.edu.qgMultiAPI.YangKaijingTest.getTransportFee(YangKaijingTest.java:140)
	at com.edu.qgMultiAPI.YangKaijingTest.sceneTest2(YangKaijingTest.java:271)
Caused by: java.net.URISyntaxException: Illegal character in query at index 85: http://study-perf.qa.netease.com/common/getTransportFee?id=82321270&amp;addressDetial=河北省_石家庄市_裕华区
	at java.base/java.net.URI$Parser.fail(URI.java:2912)
	at java.base/java.net.URI$Parser.checkChars(URI.java:3083)
	at java.base/java.net.URI$Parser.parseHierarchical(URI.java:3171)
	at java.base/java.net.URI$Parser.parse(URI.java:3113)
	at java.base/java.net.URI.&lt;init&gt;(URI.java:598)
	at java.base/java.net.URI.create(URI.java:879)
	... 28 more
... Removed 25 stack frames</pre></div><a href='#' onClick='toggleBox("stack-trace1820920259", this, "Click to show all stack frames", "Click to hide stack frames")'>Click to show all stack frames</a>
<div class='stack-trace' id='stack-trace1820920259'><pre>java.lang.IllegalArgumentException: Illegal character in query at index 85: http://study-perf.qa.netease.com/common/getTransportFee?id=82321270&amp;addressDetial=河北省_石家庄市_裕华区
	at java.base/java.net.URI.create(URI.java:881)
	at org.apache.http.client.methods.HttpGet.&lt;init&gt;(HttpGet.java:66)
	at com.edu.qgMultiAPI.YangKaijingTest.getTransportFee(YangKaijingTest.java:140)
	at com.edu.qgMultiAPI.YangKaijingTest.sceneTest2(YangKaijingTest.java:271)
	at java.base/jdk.internal.reflect.NativeMethodAccessorImpl.invoke0(Native Method)
	at java.base/jdk.internal.reflect.NativeMethodAccessorImpl.invoke(NativeMethodAccessorImpl.java:62)
	at java.base/jdk.internal.reflect.DelegatingMethodAccessorImpl.invoke(DelegatingMethodAccessorImpl.java:43)
	at java.base/java.lang.reflect.Method.invoke(Method.java:564)
	at org.testng.internal.MethodInvocationHelper.invokeMethod(MethodInvocationHelper.java:124)
	at org.testng.internal.Invoker.invokeMethod(Invoker.java:580)
	at org.testng.internal.Invoker.invokeTestMethod(Invoker.java:716)
	at org.testng.internal.Invoker.invokeTestMethods(Invoker.java:988)
	at org.testng.internal.TestMethodWorker.invokeTestMethods(TestMethodWorker.java:125)
	at org.testng.internal.TestMethodWorker.run(TestMethodWorker.java:109)
	at org.testng.TestRunner.privateRun(TestRunner.java:648)
	at org.testng.TestRunner.run(TestRunner.java:505)
	at org.testng.SuiteRunner.runTest(SuiteRunner.java:455)
	at org.testng.SuiteRunner.runSequentially(SuiteRunner.java:450)
	at org.testng.SuiteRunner.privateRun(SuiteRunner.java:415)
	at org.testng.SuiteRunner.run(SuiteRunner.java:364)
	at org.testng.SuiteRunnerWorker.runSuite(SuiteRunnerWorker.java:52)
	at org.testng.SuiteRunnerWorker.run(SuiteRunnerWorker.java:84)
	at org.testng.TestNG.runSuitesSequentially(TestNG.java:1208)
	at org.testng.TestNG.runSuitesLocally(TestNG.java:1137)
	at org.testng.TestNG.runSuites(TestNG.java:1049)
	at org.testng.TestNG.run(TestNG.java:1017)
	at org.testng.remote.AbstractRemoteTestNG.run(AbstractRemoteTestNG.java:114)
	at org.testng.remote.RemoteTestNG.initAndRun(RemoteTestNG.java:251)
	at org.testng.remote.RemoteTestNG.main(RemoteTestNG.java:77)
Caused by: java.net.URISyntaxException: Illegal character in query at index 85: http://study-perf.qa.netease.com/common/getTransportFee?id=82321270&amp;addressDetial=河北省_石家庄市_裕华区
	at java.base/java.net.URI$Parser.fail(URI.java:2912)
	at java.base/java.net.URI$Parser.checkChars(URI.java:3083)
	at java.base/java.net.URI$Parser.parseHierarchical(URI.java:3171)
	at java.base/java.net.URI$Parser.parse(URI.java:3113)
	at java.base/java.net.URI.&lt;init&gt;(URI.java:598)
	at java.base/java.net.URI.create(URI.java:879)
	... 28 more
</pre></div></td>
<td>0</td>
<td>com.edu.qgMultiAPI.YangKaijingTest@2f67a4d3</td></tr>
<tr>
<td title='com.edu.qgMultiAPI.YangKaijingTest.sceneTest3()'><b>sceneTest3</b><br>Test class: com.edu.qgMultiAPI.YangKaijingTest</td>
<td><div><pre>java.lang.IllegalArgumentException: Illegal character in query at index 85: http://study-perf.qa.netease.com/common/getTransportFee?id=82321270&amp;addressDetial=河北省_石家庄市_裕华区
	at java.base/java.net.URI.create(URI.java:881)
	at org.apache.http.client.methods.HttpGet.&lt;init&gt;(HttpGet.java:66)
	at com.edu.qgMultiAPI.YangKaijingTest.getTransportFee(YangKaijingTest.java:140)
	at com.edu.qgMultiAPI.YangKaijingTest.sceneTest3(YangKaijingTest.java:291)
Caused by: java.net.URISyntaxException: Illegal character in query at index 85: http://study-perf.qa.netease.com/common/getTransportFee?id=82321270&amp;addressDetial=河北省_石家庄市_裕华区
	at java.base/java.net.URI$Parser.fail(URI.java:2912)
	at java.base/java.net.URI$Parser.checkChars(URI.java:3083)
	at java.base/java.net.URI$Parser.parseHierarchical(URI.java:3171)
	at java.base/java.net.URI$Parser.parse(URI.java:3113)
	at java.base/java.net.URI.&lt;init&gt;(URI.java:598)
	at java.base/java.net.URI.create(URI.java:879)
	... 28 more
... Removed 25 stack frames</pre></div><a href='#' onClick='toggleBox("stack-trace13001549", this, "Click to show all stack frames", "Click to hide stack frames")'>Click to show all stack frames</a>
<div class='stack-trace' id='stack-trace13001549'><pre>java.lang.IllegalArgumentException: Illegal character in query at index 85: http://study-perf.qa.netease.com/common/getTransportFee?id=82321270&amp;addressDetial=河北省_石家庄市_裕华区
	at java.base/java.net.URI.create(URI.java:881)
	at org.apache.http.client.methods.HttpGet.&lt;init&gt;(HttpGet.java:66)
	at com.edu.qgMultiAPI.YangKaijingTest.getTransportFee(YangKaijingTest.java:140)
	at com.edu.qgMultiAPI.YangKaijingTest.sceneTest3(YangKaijingTest.java:291)
	at java.base/jdk.internal.reflect.NativeMethodAccessorImpl.invoke0(Native Method)
	at java.base/jdk.internal.reflect.NativeMethodAccessorImpl.invoke(NativeMethodAccessorImpl.java:62)
	at java.base/jdk.internal.reflect.DelegatingMethodAccessorImpl.invoke(DelegatingMethodAccessorImpl.java:43)
	at java.base/java.lang.reflect.Method.invoke(Method.java:564)
	at org.testng.internal.MethodInvocationHelper.invokeMethod(MethodInvocationHelper.java:124)
	at org.testng.internal.Invoker.invokeMethod(Invoker.java:580)
	at org.testng.internal.Invoker.invokeTestMethod(Invoker.java:716)
	at org.testng.internal.Invoker.invokeTestMethods(Invoker.java:988)
	at org.testng.internal.TestMethodWorker.invokeTestMethods(TestMethodWorker.java:125)
	at org.testng.internal.TestMethodWorker.run(TestMethodWorker.java:109)
	at org.testng.TestRunner.privateRun(TestRunner.java:648)
	at org.testng.TestRunner.run(TestRunner.java:505)
	at org.testng.SuiteRunner.runTest(SuiteRunner.java:455)
	at org.testng.SuiteRunner.runSequentially(SuiteRunner.java:450)
	at org.testng.SuiteRunner.privateRun(SuiteRunner.java:415)
	at org.testng.SuiteRunner.run(SuiteRunner.java:364)
	at org.testng.SuiteRunnerWorker.runSuite(SuiteRunnerWorker.java:52)
	at org.testng.SuiteRunnerWorker.run(SuiteRunnerWorker.java:84)
	at org.testng.TestNG.runSuitesSequentially(TestNG.java:1208)
	at org.testng.TestNG.runSuitesLocally(TestNG.java:1137)
	at org.testng.TestNG.runSuites(TestNG.java:1049)
	at org.testng.TestNG.run(TestNG.java:1017)
	at org.testng.remote.AbstractRemoteTestNG.run(AbstractRemoteTestNG.java:114)
	at org.testng.remote.RemoteTestNG.initAndRun(RemoteTestNG.java:251)
	at org.testng.remote.RemoteTestNG.main(RemoteTestNG.java:77)
Caused by: java.net.URISyntaxException: Illegal character in query at index 85: http://study-perf.qa.netease.com/common/getTransportFee?id=82321270&amp;addressDetial=河北省_石家庄市_裕华区
	at java.base/java.net.URI$Parser.fail(URI.java:2912)
	at java.base/java.net.URI$Parser.checkChars(URI.java:3083)
	at java.base/java.net.URI$Parser.parseHierarchical(URI.java:3171)
	at java.base/java.net.URI$Parser.parse(URI.java:3113)
	at java.base/java.net.URI.&lt;init&gt;(URI.java:598)
	at java.base/java.net.URI.create(URI.java:879)
	... 28 more
</pre></div></td>
<td>0</td>
<td>com.edu.qgMultiAPI.YangKaijingTest@2f67a4d3</td></tr>
<tr>
<td title='com.edu.qgMultiAPI.YangKaijingTest.sceneTest5()'><b>sceneTest5</b><br>Test class: com.edu.qgMultiAPI.YangKaijingTest</td>
<td><div><pre>java.lang.IllegalArgumentException: Illegal character in query at index 85: http://study-perf.qa.netease.com/common/getTransportFee?id=82321270&amp;addressDetial=河北省_石家庄市_裕华区
	at java.base/java.net.URI.create(URI.java:881)
	at org.apache.http.client.methods.HttpGet.&lt;init&gt;(HttpGet.java:66)
	at com.edu.qgMultiAPI.YangKaijingTest.getTransportFee(YangKaijingTest.java:140)
	at com.edu.qgMultiAPI.YangKaijingTest.sceneTest5(YangKaijingTest.java:344)
Caused by: java.net.URISyntaxException: Illegal character in query at index 85: http://study-perf.qa.netease.com/common/getTransportFee?id=82321270&amp;addressDetial=河北省_石家庄市_裕华区
	at java.base/java.net.URI$Parser.fail(URI.java:2912)
	at java.base/java.net.URI$Parser.checkChars(URI.java:3083)
	at java.base/java.net.URI$Parser.parseHierarchical(URI.java:3171)
	at java.base/java.net.URI$Parser.parse(URI.java:3113)
	at java.base/java.net.URI.&lt;init&gt;(URI.java:598)
	at java.base/java.net.URI.create(URI.java:879)
	... 28 more
... Removed 25 stack frames</pre></div><a href='#' onClick='toggleBox("stack-trace1609754699", this, "Click to show all stack frames", "Click to hide stack frames")'>Click to show all stack frames</a>
<div class='stack-trace' id='stack-trace1609754699'><pre>java.lang.IllegalArgumentException: Illegal character in query at index 85: http://study-perf.qa.netease.com/common/getTransportFee?id=82321270&amp;addressDetial=河北省_石家庄市_裕华区
	at java.base/java.net.URI.create(URI.java:881)
	at org.apache.http.client.methods.HttpGet.&lt;init&gt;(HttpGet.java:66)
	at com.edu.qgMultiAPI.YangKaijingTest.getTransportFee(YangKaijingTest.java:140)
	at com.edu.qgMultiAPI.YangKaijingTest.sceneTest5(YangKaijingTest.java:344)
	at java.base/jdk.internal.reflect.NativeMethodAccessorImpl.invoke0(Native Method)
	at java.base/jdk.internal.reflect.NativeMethodAccessorImpl.invoke(NativeMethodAccessorImpl.java:62)
	at java.base/jdk.internal.reflect.DelegatingMethodAccessorImpl.invoke(DelegatingMethodAccessorImpl.java:43)
	at java.base/java.lang.reflect.Method.invoke(Method.java:564)
	at org.testng.internal.MethodInvocationHelper.invokeMethod(MethodInvocationHelper.java:124)
	at org.testng.internal.Invoker.invokeMethod(Invoker.java:580)
	at org.testng.internal.Invoker.invokeTestMethod(Invoker.java:716)
	at org.testng.internal.Invoker.invokeTestMethods(Invoker.java:988)
	at org.testng.internal.TestMethodWorker.invokeTestMethods(TestMethodWorker.java:125)
	at org.testng.internal.TestMethodWorker.run(TestMethodWorker.java:109)
	at org.testng.TestRunner.privateRun(TestRunner.java:648)
	at org.testng.TestRunner.run(TestRunner.java:505)
	at org.testng.SuiteRunner.runTest(SuiteRunner.java:455)
	at org.testng.SuiteRunner.runSequentially(SuiteRunner.java:450)
	at org.testng.SuiteRunner.privateRun(SuiteRunner.java:415)
	at org.testng.SuiteRunner.run(SuiteRunner.java:364)
	at org.testng.SuiteRunnerWorker.runSuite(SuiteRunnerWorker.java:52)
	at org.testng.SuiteRunnerWorker.run(SuiteRunnerWorker.java:84)
	at org.testng.TestNG.runSuitesSequentially(TestNG.java:1208)
	at org.testng.TestNG.runSuitesLocally(TestNG.java:1137)
	at org.testng.TestNG.runSuites(TestNG.java:1049)
	at org.testng.TestNG.run(TestNG.java:1017)
	at org.testng.remote.AbstractRemoteTestNG.run(AbstractRemoteTestNG.java:114)
	at org.testng.remote.RemoteTestNG.initAndRun(RemoteTestNG.java:251)
	at org.testng.remote.RemoteTestNG.main(RemoteTestNG.java:77)
Caused by: java.net.URISyntaxException: Illegal character in query at index 85: http://study-perf.qa.netease.com/common/getTransportFee?id=82321270&amp;addressDetial=河北省_石家庄市_裕华区
	at java.base/java.net.URI$Parser.fail(URI.java:2912)
	at java.base/java.net.URI$Parser.checkChars(URI.java:3083)
	at java.base/java.net.URI$Parser.parseHierarchical(URI.java:3171)
	at java.base/java.net.URI$Parser.parse(URI.java:3113)
	at java.base/java.net.URI.&lt;init&gt;(URI.java:598)
	at java.base/java.net.URI.create(URI.java:879)
	... 28 more
</pre></div></td>
<td>0</td>
<td>com.edu.qgMultiAPI.YangKaijingTest@2f67a4d3</td></tr>
</table><p>
<table width='100%' border='1' class='invocation-passed'>
<tr><td colspan='4' align='center'><b>PASSED TESTS</b></td></tr>
<tr><td><b>Test method</b></td>
<td width="30%"><b>Exception</b></td>
<td width="10%"><b>Time (seconds)</b></td>
<td><b>Instance</b></td>
</tr>
<tr>
<td title='sendMail.SendRecentReportMail.SendReport()'><b>SendReport</b><br>Test class: sendMail.SendRecentReportMail</td>
<td></td>
<td>1</td>
<td>sendMail.SendRecentReportMail@2fb0623e</td></tr>
<tr>
<td title='com.edu.qgMultiAPI.XuShiweiTest.fifth()'><b>fifth</b><br>Test class: com.edu.qgMultiAPI.XuShiweiTest<br>Test method: 登录失败-有查询收货地址-计算运费失败-提交订单</td>
<td></td>
<td>0</td>
<td>com.edu.qgMultiAPI.XuShiweiTest@7dc3712</td></tr>
<tr>
<td title='com.edu.qgMultiAPI.XuShiweiTest.first()'><b>first</b><br>Test class: com.edu.qgMultiAPI.XuShiweiTest<br>Test method: 登录成功-查询收货地址成功-计算运费失败-提交订单成功</td>
<td></td>
<td>0</td>
<td>com.edu.qgMultiAPI.XuShiweiTest@7dc3712</td></tr>
<tr>
<td title='com.edu.qgMultiAPI.XuShiweiTest.forth()'><b>forth</b><br>Test class: com.edu.qgMultiAPI.XuShiweiTest<br>Test method: 登录失败-无查询收货地址-计算运费失败-提交订单</td>
<td></td>
<td>0</td>
<td>com.edu.qgMultiAPI.XuShiweiTest@7dc3712</td></tr>
<tr>
<td title='com.edu.qgMultiAPI.ZhangFeiyuTest.scene01_login_success()'><b>scene01_login_success</b><br>Test class: com.edu.qgMultiAPI.ZhangFeiyuTest</td>
<td></td>
<td>0</td>
<td>com.edu.qgMultiAPI.ZhangFeiyuTest@5e3f861</td></tr>
<tr>
<td title='com.edu.qgMultiAPI.FengbinTest.scene1()'><b>scene1</b><br>Test class: com.edu.qgMultiAPI.FengbinTest<br>Test method: 登录成功-获取商品列表-添加收货地址-提交订单</td>
<td></td>
<td>0</td>
<td>com.edu.qgMultiAPI.FengbinTest@1e16c0aa</td></tr>
<tr>
<td title='com.edu.qgMultiAPI.ShengChunyueTest.scene1()'><b>scene1</b><br>Test class: com.edu.qgMultiAPI.ShengChunyueTest<br>Test method: 登录成功--查询收获地址--删除收获地址</td>
<td></td>
<td>0</td>
<td>com.edu.qgMultiAPI.ShengChunyueTest@13d73f29</td></tr>
<tr>
<td title='com.edu.qgMultiAPI.FengbinTest.scene2()'><b>scene2</b><br>Test class: com.edu.qgMultiAPI.FengbinTest<br>Test method: 查看商品信息-计算运费-提交订单</td>
<td></td>
<td>0</td>
<td>com.edu.qgMultiAPI.FengbinTest@1e16c0aa</td></tr>
<tr>
<td title='com.edu.qgMultiAPI.ShengChunyueTest.scene2()'><b>scene2</b><br>Test class: com.edu.qgMultiAPI.ShengChunyueTest<br>Test method: 登录成功--查询收获地址--添加收获地址--删除收获地址</td>
<td></td>
<td>0</td>
<td>com.edu.qgMultiAPI.ShengChunyueTest@13d73f29</td></tr>
<tr>
<td title='com.edu.qgMultiAPI.FengbinTest.scene3()'><b>scene3</b><br>Test class: com.edu.qgMultiAPI.FengbinTest<br>Test method: 登录成功-查看商品信息-删除指定收货地址</td>
<td></td>
<td>0</td>
<td>com.edu.qgMultiAPI.FengbinTest@1e16c0aa</td></tr>
<tr>
<td title='com.edu.qgMultiAPI.FengbinTest.scene4()'><b>scene4</b><br>Test class: com.edu.qgMultiAPI.FengbinTest<br>Test method: 登录成功-获取指定商品信息-删除指定收货地址（想要的地址不能再添加）</td>
<td></td>
<td>0</td>
<td>com.edu.qgMultiAPI.FengbinTest@1e16c0aa</td></tr>
<tr>
<td title='com.edu.qgMultiAPI.FengbinTest.scene5()'><b>scene5</b><br>Test class: com.edu.qgMultiAPI.FengbinTest<br>Test method: 登陆成功-获取指定商品信息-获取运费-提交订单</td>
<td></td>
<td>0</td>
<td>com.edu.qgMultiAPI.FengbinTest@1e16c0aa</td></tr>
<tr>
<td title='com.edu.qgMultiAPI.YangKaijingTest.sceneTest1()'><b>sceneTest1</b><br>Test class: com.edu.qgMultiAPI.YangKaijingTest</td>
<td></td>
<td>0</td>
<td>com.edu.qgMultiAPI.YangKaijingTest@2f67a4d3</td></tr>
<tr>
<td title='com.edu.qgMultiAPI.YangKaijingTest.sceneTest4()'><b>sceneTest4</b><br>Test class: com.edu.qgMultiAPI.YangKaijingTest</td>
<td></td>
<td>0</td>
<td>com.edu.qgMultiAPI.YangKaijingTest@2f67a4d3</td></tr>
<tr>
<td title='com.edu.qgMultiAPI.XuShiweiTest.second()'><b>second</b><br>Test class: com.edu.qgMultiAPI.XuShiweiTest<br>Test method: 登录成功-有收获地址-计算运费失败-提交订单</td>
<td></td>
<td>0</td>
<td>com.edu.qgMultiAPI.XuShiweiTest@7dc3712</td></tr>
<tr>
<td title='com.edu.qgMultiAPI.DiaoLixiangTest.sence1()'><b>sence1</b><br>Test class: com.edu.qgMultiAPI.DiaoLixiangTest</td>
<td></td>
<td>0</td>
<td>com.edu.qgMultiAPI.DiaoLixiangTest@9816741</td></tr>
<tr>
<td title='com.edu.qgMultiAPI.DiaoLixiangTest.sence2()'><b>sence2</b><br>Test class: com.edu.qgMultiAPI.DiaoLixiangTest</td>
<td></td>
<td>0</td>
<td>com.edu.qgMultiAPI.DiaoLixiangTest@9816741</td></tr>
<tr>
<td title='com.edu.qgMultiAPI.DiaoLixiangTest.sence3()'><b>sence3</b><br>Test class: com.edu.qgMultiAPI.DiaoLixiangTest</td>
<td></td>
<td>0</td>
<td>com.edu.qgMultiAPI.DiaoLixiangTest@9816741</td></tr>
<tr>
<td title='com.edu.qgMultiAPI.DiaoLixiangTest.sence4()'><b>sence4</b><br>Test class: com.edu.qgMultiAPI.DiaoLixiangTest</td>
<td></td>
<td>0</td>
<td>com.edu.qgMultiAPI.DiaoLixiangTest@9816741</td></tr>
<tr>
<td title='com.edu.qgMultiAPI.SunLiyingTest.test_scence1()'><b>test_scence1</b><br>Test class: com.edu.qgMultiAPI.SunLiyingTest<br>Test method: 登录成功--获取skuList成功--获取list成功--计算运费--新建订单--提交订单--删除订单</td>
<td></td>
<td>1</td>
<td>com.edu.qgMultiAPI.SunLiyingTest@565f390</td></tr>
<tr>
<td title='com.edu.qgMultiAPI.SunLiyingTest.test_scence2()'><b>test_scence2</b><br>Test class: com.edu.qgMultiAPI.SunLiyingTest<br>Test method: 登录成功--新建地址--删除订单</td>
<td></td>
<td>0</td>
<td>com.edu.qgMultiAPI.SunLiyingTest@565f390</td></tr>
<tr>
<td title='com.edu.qgMultiAPI.SunLiyingTest.test_scence3()'><b>test_scence3</b><br>Test class: com.edu.qgMultiAPI.SunLiyingTest<br>Test method: 登录成功--新建订单--提交订单</td>
<td></td>
<td>0</td>
<td>com.edu.qgMultiAPI.SunLiyingTest@565f390</td></tr>
<tr>
<td title='com.edu.qgMultiAPI.SunLiyingTest.test_scence4()'><b>test_scence4</b><br>Test class: com.edu.qgMultiAPI.SunLiyingTest<br>Test method: 登录失败--查询收货地址失败</td>
<td></td>
<td>0</td>
<td>com.edu.qgMultiAPI.SunLiyingTest@565f390</td></tr>
<tr>
<td title='com.edu.qgMultiAPI.SunLiyingTest.test_scence5()'><b>test_scence5</b><br>Test class: com.edu.qgMultiAPI.SunLiyingTest<br>Test method: 登录成功--查询地址--计算运费--新建订单--提交订单--删除订单</td>
<td></td>
<td>0</td>
<td>com.edu.qgMultiAPI.SunLiyingTest@565f390</td></tr>
<tr>
<td title='com.edu.qgMultiAPI.XuShiweiTest.third()'><b>third</b><br>Test class: com.edu.qgMultiAPI.XuShiweiTest<br>Test method: 登录成功-查询收货地址-计算运费失败-提交订单失败</td>
<td></td>
<td>0</td>
<td>com.edu.qgMultiAPI.XuShiweiTest@7dc3712</td></tr>
</table><p>
</body>
</html>