<?xml version="1.0" encoding="UTF-8"?>
<!-- Generated by org.testng.reporters.JUnitXMLReporter -->
<testsuite ignored="0" hostname="DESKTOP-MQRFOO8" failures="17" tests="74" name="testSingleAPI" time="22.318" errors="0" timestamp="25 12月 2018 06:25:35 GMT">
  <testcase classname="com.edu.qgSingleAPI.AddressNewTest" name="addressnew10Test" time="2.347"/>
  <testcase classname="com.edu.qgSingleAPI.AddressNewTest" name="addressnew11Test" time="0.17"/>
  <testcase classname="com.edu.qgSingleAPI.AddressNewTest" name="addressnew12Test" time="0.2"/>
  <testcase classname="com.edu.qgSingleAPI.AddressNewTest" name="addressnew13Test" time="0.173"/>
  <testcase classname="com.edu.qgSingleAPI.AddressNewTest" name="addressnew14Test" time="0.744"/>
  <testcase classname="com.edu.qgSingleAPI.AddressNewTest" name="addressnew15Test" time="0.189"/>
  <testcase classname="com.edu.qgSingleAPI.AddressNewTest" name="addressnew16Test" time="0.214"/>
  <testcase classname="com.edu.qgSingleAPI.AddressNewTest" name="addressnew17Test" time="0.499">
    <failure type="java.lang.AssertionError" message="expected [请求参数不正确] but found [success]">
      <![CDATA[java.lang.AssertionError: expected [请求参数不正确] but found [success]
at com.edu.qgSingleAPI.AddressNewTest.addressnew17Test(AddressNewTest.java:465)
... Removed 31 stack frames]]>
    </failure>
  </testcase> <!-- addressnew17Test -->
  <testcase classname="com.edu.qgSingleAPI.AddressNewTest" name="addressnew18Test" time="0.226">
    <failure type="java.lang.AssertionError" message="expected [请求参数不正确] but found [success]">
      <![CDATA[java.lang.AssertionError: expected [请求参数不正确] but found [success]
at com.edu.qgSingleAPI.AddressNewTest.addressnew18Test(AddressNewTest.java:486)
... Removed 31 stack frames]]>
    </failure>
  </testcase> <!-- addressnew18Test -->
  <testcase classname="com.edu.qgSingleAPI.AddressNewTest" name="addressnew19Test" time="0.219">
    <failure type="java.lang.AssertionError" message="expected [请求参数不正确] but found [success]">
      <![CDATA[java.lang.AssertionError: expected [请求参数不正确] but found [success]
at com.edu.qgSingleAPI.AddressNewTest.addressnew19Test(AddressNewTest.java:507)
... Removed 31 stack frames]]>
    </failure>
  </testcase> <!-- addressnew19Test -->
  <testcase classname="com.edu.qgSingleAPI.AddressNewTest" name="addressnew1Test" time="0.216"/>
  <testcase classname="com.edu.qgSingleAPI.AddressNewTest" name="addressnew20Test" time="0.168">
    <failure type="java.lang.AssertionError" message="expected [请求参数不正确] but found [success]">
      <![CDATA[java.lang.AssertionError: expected [请求参数不正确] but found [success]
at com.edu.qgSingleAPI.AddressNewTest.addressnew20Test(AddressNewTest.java:528)
... Removed 31 stack frames]]>
    </failure>
  </testcase> <!-- addressnew20Test -->
  <testcase classname="com.edu.qgSingleAPI.AddressNewTest" name="addressnew22Test" time="0.307">
    <failure type="java.lang.Exception" message="expectedValue doesn&amp;apos;t match actualValue,actual Value is :success; expected Value is :最多只能添加6个地址">
      <![CDATA[java.lang.Exception: expectedValue doesn't match actualValue,actual Value is :success; expected Value is :最多只能添加6个地址
at com.edu.utils.Checker.verify(Checker.java:59)
at com.edu.utils.Checker.verifyXpath(Checker.java:45)
at com.edu.qgSingleAPI.AddressNewTest.addressnew22Test(AddressNewTest.java:547)
... Removed 25 stack frames]]>
    </failure>
  </testcase> <!-- addressnew22Test -->
  <testcase classname="com.edu.qgSingleAPI.AddressNewTest" name="addressnew23Test" time="0.152"/>
  <testcase classname="com.edu.qgSingleAPI.AddressNewTest" name="addressnew24Test" time="0.212">
    <failure type="java.lang.AssertionError" message="expected [请求参数不正确] but found [success]">
      <![CDATA[java.lang.AssertionError: expected [请求参数不正确] but found [success]
at com.edu.qgSingleAPI.AddressNewTest.addressnew24Test(AddressNewTest.java:584)
... Removed 31 stack frames]]>
    </failure>
  </testcase> <!-- addressnew24Test -->
  <testcase classname="com.edu.qgSingleAPI.AddressNewTest" name="addressnew25Test" time="0.183">
    <failure type="java.lang.AssertionError" message="expected [请求参数不正确] but found [may not be null]">
      <![CDATA[java.lang.AssertionError: expected [请求参数不正确] but found [may not be null]
at com.edu.qgSingleAPI.AddressNewTest.addressnew25Test(AddressNewTest.java:606)
... Removed 31 stack frames]]>
    </failure>
  </testcase> <!-- addressnew25Test -->
  <testcase classname="com.edu.qgSingleAPI.AddressNewTest" name="addressnew26Test" time="0.205">
    <failure type="java.lang.AssertionError" message="expected [请求参数不正确] but found [success]">
      <![CDATA[java.lang.AssertionError: expected [请求参数不正确] but found [success]
at com.edu.qgSingleAPI.AddressNewTest.addressnew26Test(AddressNewTest.java:627)
... Removed 31 stack frames]]>
    </failure>
  </testcase> <!-- addressnew26Test -->
  <testcase classname="com.edu.qgSingleAPI.AddressNewTest" name="addressnew27Test" time="0.183">
    <failure type="java.lang.AssertionError" message="expected [请求参数不正确] but found [may not be null]">
      <![CDATA[java.lang.AssertionError: expected [请求参数不正确] but found [may not be null]
at com.edu.qgSingleAPI.AddressNewTest.addressnew27Test(AddressNewTest.java:649)
... Removed 31 stack frames]]>
    </failure>
  </testcase> <!-- addressnew27Test -->
  <testcase classname="com.edu.qgSingleAPI.AddressNewTest" name="addressnew2Test" time="0.223">
    <failure type="java.lang.AssertionError" message="expected [receiverName参数类型不正确] but found [success]">
      <![CDATA[java.lang.AssertionError: expected [receiverName参数类型不正确] but found [success]
at com.edu.qgSingleAPI.AddressNewTest.addressnew2Test(AddressNewTest.java:93)
... Removed 31 stack frames]]>
    </failure>
  </testcase> <!-- addressnew2Test -->
  <testcase classname="com.edu.qgSingleAPI.AddressNewTest" name="addressnew3Test" time="0.191">
    <failure type="java.lang.Exception" message="expectedValue doesn&amp;apos;t match actualValue,actual Value is :success; expected Value is :cellPhone参数类型不正确">
      <![CDATA[java.lang.Exception: expectedValue doesn't match actualValue,actual Value is :success; expected Value is :cellPhone参数类型不正确
at com.edu.utils.Checker.verify(Checker.java:59)
at com.edu.utils.Checker.verifyXpath(Checker.java:45)
at com.edu.qgSingleAPI.AddressNewTest.addressnew3Test(AddressNewTest.java:122)
... Removed 25 stack frames]]>
    </failure>
  </testcase> <!-- addressnew3Test -->
  <testcase classname="com.edu.qgSingleAPI.AddressNewTest" name="addressnew4Test" time="0.222">
    <failure type="java.lang.Exception" message="expectedValue doesn&amp;apos;t match actualValue,actual Value is :success; expected Value is :addressDetail参数类型不正确">
      <![CDATA[java.lang.Exception: expectedValue doesn't match actualValue,actual Value is :success; expected Value is :addressDetail参数类型不正确
at com.edu.utils.Checker.verify(Checker.java:59)
at com.edu.utils.Checker.verifyXpath(Checker.java:45)
at com.edu.qgSingleAPI.AddressNewTest.addressnew4Test(AddressNewTest.java:147)
... Removed 25 stack frames]]>
    </failure>
  </testcase> <!-- addressnew4Test -->
  <testcase classname="com.edu.qgSingleAPI.AddressNewTest" name="addressnew5Test" time="0.197">
    <failure type="java.lang.Exception" message="expectedValue doesn&amp;apos;t match actualValue,actual Value is :success; expected Value is :province参数类型不正确">
      <![CDATA[java.lang.Exception: expectedValue doesn't match actualValue,actual Value is :success; expected Value is :province参数类型不正确
at com.edu.utils.Checker.verify(Checker.java:59)
at com.edu.utils.Checker.verifyXpath(Checker.java:45)
at com.edu.qgSingleAPI.AddressNewTest.addressnew5Test(AddressNewTest.java:172)
... Removed 25 stack frames]]>
    </failure>
  </testcase> <!-- addressnew5Test -->
  <testcase classname="com.edu.qgSingleAPI.AddressNewTest" name="addressnew6Test" time="0.206">
    <failure type="java.lang.Exception" message="expectedValue doesn&amp;apos;t match actualValue,actual Value is :最多只能添加6个地址; expected Value is :city参数类型不正确">
      <![CDATA[java.lang.Exception: expectedValue doesn't match actualValue,actual Value is :最多只能添加6个地址; expected Value is :city参数类型不正确
at com.edu.utils.Checker.verify(Checker.java:59)
at com.edu.utils.Checker.verifyXpath(Checker.java:45)
at com.edu.qgSingleAPI.AddressNewTest.addressnew6Test(AddressNewTest.java:197)
... Removed 25 stack frames]]>
    </failure>
  </testcase> <!-- addressnew6Test -->
  <testcase classname="com.edu.qgSingleAPI.AddressNewTest" name="addressnew7Test" time="0.201">
    <failure type="java.lang.AssertionError" message="expected [area参数类型不正确] but found [success]">
      <![CDATA[java.lang.AssertionError: expected [area参数类型不正确] but found [success]
at com.edu.qgSingleAPI.AddressNewTest.addressnew7Test(AddressNewTest.java:224)
... Removed 31 stack frames]]>
    </failure>
  </testcase> <!-- addressnew7Test -->
  <testcase classname="com.edu.qgSingleAPI.AddressNewTest" name="addressnew8Test" time="0.191"/>
  <testcase classname="com.edu.qgSingleAPI.AddressNewTest" name="addressnew9Test" time="0.191"/>
  <testcase classname="com.edu.qgSingleAPI.DeleteTest" name="del_fail01_test" time="0.176"/>
  <testcase classname="com.edu.qgSingleAPI.DeleteTest" name="del_fail02_test" time="0.313"/>
  <testcase classname="com.edu.qgSingleAPI.DeleteTest" name="del_fail03_test" time="0.169"/>
  <testcase classname="com.edu.qgSingleAPI.DeleteTest" name="del_fail04_test" time="0.163"/>
  <testcase classname="com.edu.qgSingleAPI.DeleteTest" name="del_success_test" time="0.362"/>
  <testcase classname="com.edu.qgSingleAPI.GetTransportFeeTest" name="getFee1" time="0.122"/>
  <testcase classname="com.edu.qgSingleAPI.GetTransportFeeTest" name="getFee10" time="0.085"/>
  <testcase classname="com.edu.qgSingleAPI.GetTransportFeeTest" name="getFee11" time="0.081"/>
  <testcase classname="com.edu.qgSingleAPI.GetTransportFeeTest" name="getFee12" time="0.089"/>
  <testcase classname="com.edu.qgSingleAPI.GetTransportFeeTest" name="getFee13" time="0.096"/>
  <testcase classname="com.edu.qgSingleAPI.GetTransportFeeTest" name="getFee14" time="0.071"/>
  <testcase classname="com.edu.qgSingleAPI.GetTransportFeeTest" name="getFee2" time="0.079"/>
  <testcase classname="com.edu.qgSingleAPI.GetTransportFeeTest" name="getFee3" time="0.082"/>
  <testcase classname="com.edu.qgSingleAPI.GetTransportFeeTest" name="getFee4" time="0.002"/>
  <testcase classname="com.edu.qgSingleAPI.GetTransportFeeTest" name="getFee5" time="0.084"/>
  <testcase classname="com.edu.qgSingleAPI.GetTransportFeeTest" name="getFee6" time="0.07"/>
  <testcase classname="com.edu.qgSingleAPI.GetTransportFeeTest" name="getFee7" time="0.078"/>
  <testcase classname="com.edu.qgSingleAPI.GetTransportFeeTest" name="getFee8" time="0.088"/>
  <testcase classname="com.edu.qgSingleAPI.GetTransportFeeTest" name="getFee9" time="0.091"/>
  <testcase classname="com.edu.qgSingleAPI.ListTest" name="testListFailDueToNoLogin" time="0.08"/>
  <testcase classname="com.edu.qgSingleAPI.ListTest" name="testListFailDueToWringPwd" time="0.434"/>
  <testcase classname="com.edu.qgSingleAPI.ListTest" name="testListFailDueToWrongUser" time="0.161"/>
  <testcase classname="com.edu.qgSingleAPI.ListTest" name="testListSuccess" time="0.212"/>
  <testcase classname="com.edu.qgSingleAPI.LoginTest" name="testLoginFault1" time="0.091">
    <failure type="java.lang.Exception" message="expectedValue doesn&amp;apos;t match actualValue,actual Value is :success; expected Value is :用户名或者密码错误">
      <![CDATA[java.lang.Exception: expectedValue doesn't match actualValue,actual Value is :success; expected Value is :用户名或者密码错误
at com.edu.utils.Checker.verify(Checker.java:59)
at com.edu.utils.Checker.verifyXpath(Checker.java:45)
at com.edu.qgSingleAPI.LoginTest.testLoginFault1(LoginTest.java:55)
... Removed 25 stack frames]]>
    </failure>
  </testcase> <!-- testLoginFault1 -->
  <testcase classname="com.edu.qgSingleAPI.LoginTest" name="testLoginFault2" time="0.086"/>
  <testcase classname="com.edu.qgSingleAPI.LoginTest" name="testLoginFault3" time="0.078"/>
  <testcase classname="com.edu.qgSingleAPI.LoginTest" name="testLoginFault4" time="0.077"/>
  <testcase classname="com.edu.qgSingleAPI.LoginTest" name="testLoginFault5" time="0.084"/>
  <testcase classname="com.edu.qgSingleAPI.LoginTest" name="testLoginFault6" time="0.085"/>
  <testcase classname="com.edu.qgSingleAPI.LoginTest" name="testLoginFault7" time="0.1"/>
  <testcase classname="com.edu.qgSingleAPI.LoginTest" name="testLoginFault8" time="0.072">
    <failure type="java.lang.Exception" message="expectedValue doesn&amp;apos;t match actualValue,actual Value is :用户名或者密码错误; expected Value is :用户名或密码错误">
      <![CDATA[java.lang.Exception: expectedValue doesn't match actualValue,actual Value is :用户名或者密码错误; expected Value is :用户名或密码错误
at com.edu.utils.Checker.verify(Checker.java:59)
at com.edu.utils.Checker.verifyXpath(Checker.java:45)
at com.edu.qgSingleAPI.LoginTest.testLogin(LoginTest.java:31)
at com.edu.qgSingleAPI.LoginTest.testLoginFault8(LoginTest.java:127)
... Removed 25 stack frames]]>
    </failure>
  </testcase> <!-- testLoginFault8 -->
  <testcase classname="com.edu.qgSingleAPI.LoginTest" name="testLoginSuccess" time="0.089"/>
  <testcase classname="com.edu.qgSingleAPI.SkuListTest" name="TestSkuList1" time="0.098"/>
  <testcase classname="com.edu.qgSingleAPI.SkuListTest" name="TestSkuList2" time="0.103"/>
  <testcase classname="com.edu.qgSingleAPI.SkuListTest" name="TestSkuListById" time="0.095"/>
  <testcase classname="com.edu.qgSingleAPI.SubmitTest" name="submit1" time="0.001"/>
  <testcase classname="com.edu.qgSingleAPI.SubmitTest" name="submit2" time="0.002"/>
  <testcase classname="com.edu.qgSingleAPI.SubmitTest" name="submit3" time="0.001"/>
  <testcase classname="com.edu.qgSingleAPI.SubmitTest" name="submit4" time="0.001"/>
  <testcase classname="com.edu.qgSingleAPI.SubmitTest" name="submit5" time="0.002"/>
  <testcase classname="com.edu.qgSingleAPI.SubmitTest" name="submit6" time="0.022"/>
  <testcase classname="com.edu.qgSingleAPI.SubmitTest" name="submit7" time="0.001"/>
  <testcase classname="com.edu.qgSingleAPI.SubmitTest" name="submit8" time="0.001"/>
  <testcase classname="com.edu.qgSingleAPI.SubmitTest" name="submit9" time="0.001"/>
  <testcase classname="com.edu.qgSingleAPI.SubmitTest" name="submita" time="0.002"/>
  <testcase classname="com.edu.qgSingleAPI.SubmitTest" name="submitb" time="0.001"/>
  <testcase classname="com.edu.qgSingleAPI.SubmitTest" name="submitc" time="0.113"/>
  <testcase classname="sendMail.SendRecentReportMail" name="SendReport" time="3.06"/>
</testsuite> <!-- testSingleAPI -->
