<?xml version="1.0" encoding="UTF-8"?>
<!-- Generated by org.testng.reporters.JUnitXMLReporter -->
<testsuite ignored="0" hostname="DESKTOP-MQRFOO8" failures="3" tests="8" name="testYKJ" time="167.891" errors="0" timestamp="12 12月 2018 06:12:55 GMT">
  <testcase classname="testCase.YkjRanZhiTest" name="successLogin" time="10.619"/>
  <testcase classname="testCase.YkjRanZhiTest" name="functionJumpFunction" time="26.722"/>
  <testcase classname="testCase.YkjRanZhiTest" name="showDeskFunction" time="8.699"/>
  <testcase classname="testCase.YkjRanZhiTest" name="exitFunction" time="15.549"/>
  <testcase classname="testCase.YkjRanZhiTest" name="uploadPhoto" time="5.108">
    <failure type="org.openqa.selenium.NoSuchElementException" message="Unable to locate element: #start
For documentation on this error, please visit: http://seleniumhq.org/exceptions/no_such_element.html
Build info: version: &amp;apos;3.6.0&amp;apos;, revision: &amp;apos;6fbf3ec767&amp;apos;, time: &amp;apos;2017-09-27T16:15:40.131Z&amp;apos;
System info: host: &amp;apos;DESKTOP-MQRFOO8&amp;apos;, ip: &amp;apos;10.7.90.210&amp;apos;, os.name: &amp;apos;Windows 10&amp;apos;, os.arch: &amp;apos;amd64&amp;apos;, os.version: &amp;apos;10.0&amp;apos;, java.version: &amp;apos;9.0.4&amp;apos;
Driver info: org.openqa.selenium.firefox.FirefoxDriver
Capabilities [{moz:profile=C:\Users\孙立莹\AppData\Local\Temp\rust_mozprofile.25OT5PSSE3GH, rotatable=false, timeouts={implicit=0, pageLoad=300000, script=30000}, pageLoadStrategy=normal, moz:headless=false, platform=XP, specificationLevel=0, moz:accessibilityChecks=false, acceptInsecureCerts=true, browserVersion=56.0, platformVersion=10.0, moz:processID=13344, browserName=firefox, javascriptEnabled=true, platformName=XP}]
Session ID: e9e6f336-5c75-4a42-bd43-8fd2f39c93c9
*** Element info: {Using=id, value=start}">
      <![CDATA[org.openqa.selenium.NoSuchElementException: Unable to locate element: #start
For documentation on this error, please visit: http://seleniumhq.org/exceptions/no_such_element.html
Build info: version: '3.6.0', revision: '6fbf3ec767', time: '2017-09-27T16:15:40.131Z'
System info: host: 'DESKTOP-MQRFOO8', ip: '10.7.90.210', os.name: 'Windows 10', os.arch: 'amd64', os.version: '10.0', java.version: '9.0.4'
Driver info: org.openqa.selenium.firefox.FirefoxDriver
Capabilities [{moz:profile=C:\Users\孙立莹\AppData\Local\Temp\rust_mozprofile.25OT5PSSE3GH, rotatable=false, timeouts={implicit=0, pageLoad=300000, script=30000}, pageLoadStrategy=normal, moz:headless=false, platform=XP, specificationLevel=0, moz:accessibilityChecks=false, acceptInsecureCerts=true, browserVersion=56.0, platformVersion=10.0, moz:processID=13344, browserName=firefox, javascriptEnabled=true, platformName=XP}]
Session ID: e9e6f336-5c75-4a42-bd43-8fd2f39c93c9
*** Element info: {Using=id, value=start}
at org.openqa.selenium.remote.http.W3CHttpResponseCodec.createException(W3CHttpResponseCodec.java:185)
at org.openqa.selenium.remote.http.W3CHttpResponseCodec.decode(W3CHttpResponseCodec.java:120)
at org.openqa.selenium.remote.http.W3CHttpResponseCodec.decode(W3CHttpResponseCodec.java:49)
at org.openqa.selenium.remote.HttpCommandExecutor.execute(HttpCommandExecutor.java:164)
at org.openqa.selenium.remote.service.DriverCommandExecutor.execute(DriverCommandExecutor.java:83)
at org.openqa.selenium.remote.RemoteWebDriver.execute(RemoteWebDriver.java:586)
at org.openqa.selenium.remote.RemoteWebDriver.findElement(RemoteWebDriver.java:356)
at org.openqa.selenium.remote.RemoteWebDriver.findElementById(RemoteWebDriver.java:402)
at org.openqa.selenium.By$ById.findElement(By.java:218)
at org.openqa.selenium.remote.RemoteWebDriver.findElement(RemoteWebDriver.java:348)
at pageObject.YkjExitaPage.getAdmin(YkjExitaPage.java:18)
at appModules.YkjExit_Action.EditPhoto(YkjExit_Action.java:100)
at testCase.YkjRanZhiTest.uploadPhoto(YkjRanZhiTest.java:73)
... Removed 29 stack frames]]>
    </failure>
  </testcase> <!-- uploadPhoto -->
  <testcase classname="testCase.YkjRanZhiTest" name="changeTheme" time="5.018">
    <failure type="org.openqa.selenium.NoSuchElementException" message="Unable to locate element: #start
For documentation on this error, please visit: http://seleniumhq.org/exceptions/no_such_element.html
Build info: version: &amp;apos;3.6.0&amp;apos;, revision: &amp;apos;6fbf3ec767&amp;apos;, time: &amp;apos;2017-09-27T16:15:40.131Z&amp;apos;
System info: host: &amp;apos;DESKTOP-MQRFOO8&amp;apos;, ip: &amp;apos;10.7.90.210&amp;apos;, os.name: &amp;apos;Windows 10&amp;apos;, os.arch: &amp;apos;amd64&amp;apos;, os.version: &amp;apos;10.0&amp;apos;, java.version: &amp;apos;9.0.4&amp;apos;
Driver info: org.openqa.selenium.firefox.FirefoxDriver
Capabilities [{moz:profile=C:\Users\孙立莹\AppData\Local\Temp\rust_mozprofile.25OT5PSSE3GH, rotatable=false, timeouts={implicit=0, pageLoad=300000, script=30000}, pageLoadStrategy=normal, moz:headless=false, platform=XP, specificationLevel=0, moz:accessibilityChecks=false, acceptInsecureCerts=true, browserVersion=56.0, platformVersion=10.0, moz:processID=13344, browserName=firefox, javascriptEnabled=true, platformName=XP}]
Session ID: e9e6f336-5c75-4a42-bd43-8fd2f39c93c9
*** Element info: {Using=id, value=start}">
      <![CDATA[org.openqa.selenium.NoSuchElementException: Unable to locate element: #start
For documentation on this error, please visit: http://seleniumhq.org/exceptions/no_such_element.html
Build info: version: '3.6.0', revision: '6fbf3ec767', time: '2017-09-27T16:15:40.131Z'
System info: host: 'DESKTOP-MQRFOO8', ip: '10.7.90.210', os.name: 'Windows 10', os.arch: 'amd64', os.version: '10.0', java.version: '9.0.4'
Driver info: org.openqa.selenium.firefox.FirefoxDriver
Capabilities [{moz:profile=C:\Users\孙立莹\AppData\Local\Temp\rust_mozprofile.25OT5PSSE3GH, rotatable=false, timeouts={implicit=0, pageLoad=300000, script=30000}, pageLoadStrategy=normal, moz:headless=false, platform=XP, specificationLevel=0, moz:accessibilityChecks=false, acceptInsecureCerts=true, browserVersion=56.0, platformVersion=10.0, moz:processID=13344, browserName=firefox, javascriptEnabled=true, platformName=XP}]
Session ID: e9e6f336-5c75-4a42-bd43-8fd2f39c93c9
*** Element info: {Using=id, value=start}
at org.openqa.selenium.remote.http.W3CHttpResponseCodec.createException(W3CHttpResponseCodec.java:185)
at org.openqa.selenium.remote.http.W3CHttpResponseCodec.decode(W3CHttpResponseCodec.java:120)
at org.openqa.selenium.remote.http.W3CHttpResponseCodec.decode(W3CHttpResponseCodec.java:49)
at org.openqa.selenium.remote.HttpCommandExecutor.execute(HttpCommandExecutor.java:164)
at org.openqa.selenium.remote.service.DriverCommandExecutor.execute(DriverCommandExecutor.java:83)
at org.openqa.selenium.remote.RemoteWebDriver.execute(RemoteWebDriver.java:586)
at org.openqa.selenium.remote.RemoteWebDriver.findElement(RemoteWebDriver.java:356)
at org.openqa.selenium.remote.RemoteWebDriver.findElementById(RemoteWebDriver.java:402)
at org.openqa.selenium.By$ById.findElement(By.java:218)
at org.openqa.selenium.remote.RemoteWebDriver.findElement(RemoteWebDriver.java:348)
at pageObject.YkjExitaPage.getAdmin(YkjExitaPage.java:18)
at appModules.YkjExit_Action.themeChosen(YkjExit_Action.java:42)
at testCase.YkjRanZhiTest.changeTheme(YkjRanZhiTest.java:80)
... Removed 29 stack frames]]>
    </failure>
  </testcase> <!-- changeTheme -->
  <testcase classname="testCase.YkjRanZhiTest" name="signBackFunction" time="5.022">
    <failure type="org.openqa.selenium.NoSuchElementException" message="Unable to locate element: 签退
For documentation on this error, please visit: http://seleniumhq.org/exceptions/no_such_element.html
Build info: version: &amp;apos;3.6.0&amp;apos;, revision: &amp;apos;6fbf3ec767&amp;apos;, time: &amp;apos;2017-09-27T16:15:40.131Z&amp;apos;
System info: host: &amp;apos;DESKTOP-MQRFOO8&amp;apos;, ip: &amp;apos;10.7.90.210&amp;apos;, os.name: &amp;apos;Windows 10&amp;apos;, os.arch: &amp;apos;amd64&amp;apos;, os.version: &amp;apos;10.0&amp;apos;, java.version: &amp;apos;9.0.4&amp;apos;
Driver info: org.openqa.selenium.firefox.FirefoxDriver
Capabilities [{moz:profile=C:\Users\孙立莹\AppData\Local\Temp\rust_mozprofile.25OT5PSSE3GH, rotatable=false, timeouts={implicit=0, pageLoad=300000, script=30000}, pageLoadStrategy=normal, moz:headless=false, platform=XP, specificationLevel=0, moz:accessibilityChecks=false, acceptInsecureCerts=true, browserVersion=56.0, platformVersion=10.0, moz:processID=13344, browserName=firefox, javascriptEnabled=true, platformName=XP}]
Session ID: e9e6f336-5c75-4a42-bd43-8fd2f39c93c9
*** Element info: {Using=link text, value=签退}">
      <![CDATA[org.openqa.selenium.NoSuchElementException: Unable to locate element: 签退
For documentation on this error, please visit: http://seleniumhq.org/exceptions/no_such_element.html
Build info: version: '3.6.0', revision: '6fbf3ec767', time: '2017-09-27T16:15:40.131Z'
System info: host: 'DESKTOP-MQRFOO8', ip: '10.7.90.210', os.name: 'Windows 10', os.arch: 'amd64', os.version: '10.0', java.version: '9.0.4'
Driver info: org.openqa.selenium.firefox.FirefoxDriver
Capabilities [{moz:profile=C:\Users\孙立莹\AppData\Local\Temp\rust_mozprofile.25OT5PSSE3GH, rotatable=false, timeouts={implicit=0, pageLoad=300000, script=30000}, pageLoadStrategy=normal, moz:headless=false, platform=XP, specificationLevel=0, moz:accessibilityChecks=false, acceptInsecureCerts=true, browserVersion=56.0, platformVersion=10.0, moz:processID=13344, browserName=firefox, javascriptEnabled=true, platformName=XP}]
Session ID: e9e6f336-5c75-4a42-bd43-8fd2f39c93c9
*** Element info: {Using=link text, value=签退}
at org.openqa.selenium.remote.http.W3CHttpResponseCodec.createException(W3CHttpResponseCodec.java:185)
at org.openqa.selenium.remote.http.W3CHttpResponseCodec.decode(W3CHttpResponseCodec.java:120)
at org.openqa.selenium.remote.http.W3CHttpResponseCodec.decode(W3CHttpResponseCodec.java:49)
at org.openqa.selenium.remote.HttpCommandExecutor.execute(HttpCommandExecutor.java:164)
at org.openqa.selenium.remote.service.DriverCommandExecutor.execute(DriverCommandExecutor.java:83)
at org.openqa.selenium.remote.RemoteWebDriver.execute(RemoteWebDriver.java:586)
at org.openqa.selenium.remote.RemoteWebDriver.findElement(RemoteWebDriver.java:356)
at org.openqa.selenium.remote.RemoteWebDriver.findElementByLinkText(RemoteWebDriver.java:410)
at org.openqa.selenium.By$ByLinkText.findElement(By.java:246)
at org.openqa.selenium.remote.RemoteWebDriver.findElement(RemoteWebDriver.java:348)
at pageObject.YkjExitaPage.getAddExit(YkjExitaPage.java:28)
at appModules.YkjExit_Action.addexit(YkjExit_Action.java:22)
at testCase.YkjRanZhiTest.signBackFunction(YkjRanZhiTest.java:86)
... Removed 29 stack frames]]>
    </failure>
  </testcase> <!-- signBackFunction -->
  <testcase classname="testCase.YkjRanZhiTest" name="changeFontFunction" time="24.278"/>
</testsuite> <!-- testYKJ -->
